[2026-02-20 17:48:49] [INFO] ============================================================
[2026-02-20 17:48:49] [INFO]   Batch Generation: 70 Posts
[2026-02-20 17:48:49] [INFO] ============================================================
[2026-02-20 17:48:49] [INFO] Generating 70 topic ideas...
[2026-02-20 17:49:24] [INFO] Generated 70 topics
[2026-02-20 17:49:24] [INFO] [1/70] Generating: The Complete Guide to Building a Minimalist Capsul...
[2026-02-20 17:49:49] [INFO]   OK: 20119 chars -> 2026-02-20-the-complete-guide-to-building-a-minimalist-capsule-wardrobe
[2026-02-20 17:49:49] [INFO] [2/70] Generating: How to Effortlessly Style Overalls for Every Seaso...
[2026-02-20 17:50:15] [INFO]   OK: 19775 chars -> 2026-02-20-how-to-effortlessly-style-overalls-for-every-season
[2026-02-20 17:50:15] [INFO] [3/70] Generating: What to Wear: Ultimate Guide to Smart Casual Outfi...
[2026-02-20 17:50:34] [INFO]   OK: 19622 chars -> 2026-02-20-what-to-wear-ultimate-guide-to-smart-casual-outfits
[2026-02-20 17:50:34] [INFO] [4/70] Generating: Your Essential Guide to Layering Clothes Like a Pr...
[2026-02-20 17:50:59] [INFO]   OK: 17458 chars -> 2026-02-20-your-essential-guide-to-layering-clothes-like-a-pro
[2026-02-20 17:50:59] [INFO] [5/70] Generating: Mastering the Art of Accessorizing for Any Outfit...
[2026-02-20 17:51:26] [INFO]   OK: 20842 chars -> 2026-02-20-mastering-the-art-of-accessorizing-for-any-outfit
[2026-02-20 17:51:26] [INFO]   Progress: 5/70
[2026-02-20 17:51:28] [INFO] [6/70] Generating: How to Choose the Perfect Jeans for Your Body Type...
[2026-02-20 17:51:58] [INFO]   OK: 21291 chars -> 2026-02-20-how-to-choose-the-perfect-jeans-for-your-body-type
[2026-02-20 17:51:58] [INFO] [7/70] Generating: The Ultimate Guide to Athleisure Wear Beyond the G...
[2026-02-20 17:52:20] [INFO]   OK: 16498 chars -> 2026-02-20-the-ultimate-guide-to-athleisure-wear-beyond-the-gym
[2026-02-20 17:52:20] [INFO] [8/70] Generating: Decoding Dress Codes: What to Wear Where Guide...
[2026-02-20 17:52:51] [INFO]   OK: 23603 chars -> 2026-02-20-decoding-dress-codes-what-to-wear-where-guide
[2026-02-20 17:52:51] [INFO] [9/70] Generating: Sustainable Fashion 101: Building an Eco-Conscious...
[2026-02-20 17:53:16] [INFO]   OK: 18246 chars -> 2026-02-20-sustainable-fashion-101-building-an-eco-conscious-wardrobe
[2026-02-20 17:53:16] [INFO] [10/70] Generating: How to Mix and Match Prints Without Looking Crazy...
[2026-02-20 17:53:41] [INFO]   OK: 18087 chars -> 2026-02-20-how-to-mix-and-match-prints-without-looking-crazy
[2026-02-20 17:53:41] [INFO]   Progress: 10/70
[2026-02-20 17:53:43] [INFO] [11/70] Generating: Elevating Your Basic T-Shirt: Style Tips & Tricks...
[2026-02-20 17:54:12] [INFO]   OK: 20292 chars -> 2026-02-21-elevating-your-basic-t-shirt-style-tips-tricks
[2026-02-20 17:54:12] [INFO] [12/70] Generating: The Essential Handbag Styles Every Woman Needs...
[2026-02-20 17:54:38] [INFO]   OK: 17918 chars -> 2026-02-21-the-essential-handbag-styles-every-woman-needs
[2026-02-20 17:54:38] [INFO] [13/70] Generating: What Are Fashion Staples and Why You Need Them?...
[2026-02-20 17:55:04] [INFO]   OK: 18518 chars -> 2026-02-21-what-are-fashion-staples-and-why-you-need-them
[2026-02-20 17:55:04] [INFO] [14/70] Generating: How to Care for Your Denim to Make It Last Longer...
[2026-02-20 17:55:23] [INFO]   OK: 18959 chars -> 2026-02-21-how-to-care-for-your-denim-to-make-it-last-longer
[2026-02-20 17:55:23] [INFO] [15/70] Generating: The Power of Scarves: Styling Ideas for Every Look...
[2026-02-20 17:55:49] [INFO]   OK: 19700 chars -> 2026-02-21-the-power-of-scarves-styling-ideas-for-every-look
[2026-02-20 17:55:49] [INFO]   Progress: 15/70
[2026-02-20 17:55:51] [INFO] [16/70] Generating: Finding Your Signature Style: A Step-by-Step Guide...
[2026-02-20 17:56:22] [INFO]   OK: 21909 chars -> 2026-02-21-finding-your-signature-style-a-step-by-step-guide
[2026-02-20 17:56:22] [INFO] [17/70] Generating: The Do's and Don'ts of Wearing White After Labor D...
[2026-02-20 17:56:48] [INFO]   OK: 18181 chars -> 2026-02-21-the-do-s-and-don-ts-of-wearing-white-after-labor-day
[2026-02-20 17:56:48] [INFO] [18/70] Generating: Building a Professional Wardrobe from Scratch Guid...
[2026-02-20 17:57:15] [INFO]   OK: 21867 chars -> 2026-02-21-building-a-professional-wardrobe-from-scratch-guide
[2026-02-20 17:57:15] [INFO] [19/70] Generating: How to Incorporate Vintage Pieces into Modern Outf...
[2026-02-20 17:57:58] [INFO]   OK: 22275 chars -> 2026-02-21-how-to-incorporate-vintage-pieces-into-modern-outfits
[2026-02-20 17:57:58] [INFO] [20/70] Generating: The Ultimate Guide to Accessorizing a Little Black...
[2026-02-20 17:58:31] [INFO]   OK: 20671 chars -> 2026-02-21-the-ultimate-guide-to-accessorizing-a-little-black-dress
[2026-02-20 17:58:31] [INFO]   Progress: 20/70
[2026-02-20 17:58:33] [INFO] [21/70] Generating: Spring 2026 Fashion Trends Straight from the Runwa...
[2026-02-20 17:59:01] [INFO]   OK: 18433 chars -> 2026-02-22-spring-2026-fashion-trends-straight-from-the-runway
[2026-02-20 17:59:01] [INFO] [22/70] Generating: The Return of Y2K Fashion: Styling Modern Takes...
[2026-02-20 17:59:33] [INFO]   OK: 20847 chars -> 2026-02-22-the-return-of-y2k-fashion-styling-modern-takes
[2026-02-20 17:59:33] [INFO] [23/70] Generating: Gen Z's Favorite Aesthetics: What's Trending Now?...
[2026-02-20 18:00:01] [INFO]   OK: 20897 chars -> 2026-02-22-gen-z-s-favorite-aesthetics-what-s-trending-now
[2026-02-20 18:00:01] [INFO] [24/70] Generating: Top 5 Sustainable Fabric Trends for the Eco-Consci...
[2026-02-20 18:00:27] [INFO]   OK: 20637 chars -> 2026-02-22-top-5-sustainable-fabric-trends-for-the-eco-conscious
[2026-02-20 18:00:27] [INFO] [25/70] Generating: Embracing Bold Colors: Latest Trends for Summer 20...
[2026-02-20 18:00:58] [INFO]   OK: 22542 chars -> 2026-02-22-embracing-bold-colors-latest-trends-for-summer-2026
[2026-02-20 18:00:58] [INFO]   Progress: 25/70
[2026-02-20 18:01:00] [INFO] [26/70] Generating: The Quiet Luxury Aesthetic: How to Dress the Part...
[2026-02-20 18:01:33] [INFO]   OK: 24115 chars -> 2026-02-22-the-quiet-luxury-aesthetic-how-to-dress-the-part
[2026-02-20 18:01:33] [INFO] [27/70] Generating: Denim Innovations: New Washes and Silhouettes to T...
[2026-02-20 18:01:59] [INFO]   OK: 18406 chars -> 2026-02-22-denim-innovations-new-washes-and-silhouettes-to-try
[2026-02-20 18:01:59] [INFO] [28/70] Generating: Micro Skirts and Maxi Dresses: Upcoming Hemline Tr...
[2026-02-20 18:02:28] [INFO]   OK: 19171 chars -> 2026-02-22-micro-skirts-and-maxi-dresses-upcoming-hemline-trends
[2026-02-20 18:02:28] [INFO] [29/70] Generating: Athleisure's Evolution: From Gym to Street Style 2...
[2026-02-20 18:02:54] [INFO]   OK: 18444 chars -> 2026-02-22-athleisure-s-evolution-from-gym-to-street-style-2026
[2026-02-20 18:02:54] [INFO] [30/70] Generating: Workwear Reimagined: Professional Trends for the M...
[2026-02-20 18:03:23] [INFO]   OK: 21154 chars -> 2026-02-22-workwear-reimagined-professional-trends-for-the-modern-offic
[2026-02-20 18:03:23] [INFO]   Progress: 30/70
[2026-02-20 18:03:25] [INFO] [31/70] Generating: The Rise of Statement Jewelry: Must-Have Pieces 20...
[2026-02-20 18:03:48] [INFO]   OK: 15844 chars -> 2026-02-23-the-rise-of-statement-jewelry-must-have-pieces-2026
[2026-02-20 18:03:48] [INFO] [32/70] Generating: What are the Hottest Shoe Trends for Fall 2026?...
[2026-02-20 18:04:12] [INFO]   OK: 16967 chars -> 2026-02-23-what-are-the-hottest-shoe-trends-for-fall-2026
[2026-02-20 18:04:12] [INFO] [33/70] Generating: Patchwork Fashion Trend: How to Incorporate It...
[2026-02-20 18:04:42] [INFO]   OK: 24247 chars -> 2026-02-23-patchwork-fashion-trend-how-to-incorporate-it
[2026-02-20 18:04:42] [INFO] [34/70] Generating: Metallic Mania: Styling the Shiniest Trend of 2026...
[2026-02-20 18:04:58] [INFO]   OK: 15915 chars -> 2026-02-23-metallic-mania-styling-the-shiniest-trend-of-2026
[2026-02-20 18:04:58] [INFO] [35/70] Generating: Oversized Blazers: The Ultimate Power Dressing Tre...
[2026-02-20 18:05:27] [INFO]   OK: 22820 chars -> 2026-02-23-oversized-blazers-the-ultimate-power-dressing-trend
[2026-02-20 18:05:27] [INFO]   Progress: 35/70
[2026-02-20 18:05:29] [INFO] [36/70] Generating: 10 Best Affordable Work Dresses Under $50...
[2026-02-20 18:06:16] [INFO]   OK: 23786 chars -> 2026-02-23-10-best-affordable-work-dresses-under-50
[2026-02-20 18:06:16] [INFO] [37/70] Generating: Amazon Fashion Finds: Chic & Trendy Pieces You Nee...
[2026-02-20 18:06:42] [INFO]   OK: 20429 chars -> 2026-02-23-amazon-fashion-finds-chic-trendy-pieces-you-need
[2026-02-20 18:06:42] [INFO] [38/70] Generating: Must-Have Designer Dupes That Look Like the Real T...
[2026-02-20 18:07:07] [INFO]   OK: 17869 chars -> 2026-02-23-must-have-designer-dupes-that-look-like-the-real-thing
[2026-02-20 18:07:07] [INFO] [39/70] Generating: The Best White T-Shirts for Every Budget and Style...
[2026-02-20 18:07:28] [INFO]   OK: 19121 chars -> 2026-02-23-the-best-white-t-shirts-for-every-budget-and-style
[2026-02-20 18:07:28] [INFO] [40/70] Generating: Where to Buy Stylish Loungewear for Work From Home...
[2026-02-20 18:07:58] [INFO]   OK: 20500 chars -> 2026-02-23-where-to-buy-stylish-loungewear-for-work-from-home
[2026-02-20 18:07:58] [INFO]   Progress: 40/70
[2026-02-20 18:08:00] [INFO] [41/70] Generating: Top 7 Comfortable Heels for All-Day Wear...
[2026-02-20 18:08:29] [INFO]   OK: 19865 chars -> 2026-02-24-top-7-comfortable-heels-for-all-day-wear
[2026-02-20 18:08:29] [INFO] [42/70] Generating: Best Sustainable Denim Brands for Your Eco-Friendl...
[2026-02-20 18:08:53] [INFO]   OK: 18218 chars -> 2026-02-24-best-sustainable-denim-brands-for-your-eco-friendly-wardrobe
[2026-02-20 18:08:53] [INFO] [43/70] Generating: Summer Sale Shopping Guide: What to Buy Now...
[2026-02-20 18:09:20] [INFO]   OK: 18264 chars -> 2026-02-24-summer-sale-shopping-guide-what-to-buy-now
[2026-02-20 18:09:20] [INFO] [44/70] Generating: Best Plus Size Swimsuits That Are Actually Flatter...
[2026-02-20 18:09:51] [INFO]   OK: 20519 chars -> 2026-02-24-best-plus-size-swimsuits-that-are-actually-flattering
[2026-02-20 18:09:51] [INFO] [45/70] Generating: 5 Luxury Handbags Worth the Investment in 2026...
[2026-02-20 18:10:22] [INFO]   OK: 22875 chars -> 2026-02-24-5-luxury-handbags-worth-the-investment-in-2026
[2026-02-20 18:10:22] [INFO]   Progress: 45/70
[2026-02-20 18:10:24] [INFO] [46/70] Generating: Affordable Date Night Outfits Under $100...
[2026-02-20 18:10:51] [INFO]   OK: 19128 chars -> 2026-02-24-affordable-date-night-outfits-under-100
[2026-02-20 18:10:51] [INFO] [47/70] Generating: Top Activewear Sets for Your Next Workout & Beyond...
[2026-02-20 18:11:22] [INFO]   OK: 24962 chars -> 2026-02-24-top-activewear-sets-for-your-next-workout-beyond
[2026-02-20 18:11:22] [INFO] [48/70] Generating: Best Petite Clothing Brands for Women Under 5'4"...
[2026-02-20 18:11:45] [INFO]   OK: 17875 chars -> 2026-02-24-best-petite-clothing-brands-for-women-under-5-4
[2026-02-20 18:11:45] [INFO] [49/70] Generating: Budget-Friendly Accessories to Instantly Elevate Y...
[2026-02-20 18:12:05] [INFO]   OK: 19854 chars -> 2026-02-24-budget-friendly-accessories-to-instantly-elevate-your-look
[2026-02-20 18:12:05] [INFO] [50/70] Generating: Where to Find the Perfect Leather Jacket Under $20...
[2026-02-20 18:12:41] [INFO]   OK: 27189 chars -> 2026-02-24-where-to-find-the-perfect-leather-jacket-under-200
[2026-02-20 18:12:41] [INFO]   Progress: 50/70
[2026-02-20 18:12:43] [INFO] [51/70] Generating: Styling Tips for Curvy Figures: Embrace Your Shape...
[2026-02-20 18:13:06] [INFO]   OK: 15554 chars -> 2026-02-25-styling-tips-for-curvy-figures-embrace-your-shape
[2026-02-20 18:13:06] [INFO] [52/70] Generating: The Ultimate Guide to Petite Dressing for Short Wo...
[2026-02-20 18:13:33] [INFO]   OK: 21177 chars -> 2026-02-25-the-ultimate-guide-to-petite-dressing-for-short-women
[2026-02-20 18:13:33] [INFO] [53/70] Generating: Flattering Fashion for Tall Women: Staples You Nee...
[2026-02-20 18:14:02] [INFO]   OK: 22138 chars -> 2026-02-25-flattering-fashion-for-tall-women-staples-you-need
[2026-02-20 18:14:02] [INFO] [54/70] Generating: Plus Size Workwear That's Stylish and Professional...
[2026-02-20 18:14:25] [INFO]   OK: 18492 chars -> 2026-02-25-plus-size-workwear-that-s-stylish-and-professional
[2026-02-20 18:14:25] [INFO] [55/70] Generating: How to Dress an Athletic Body Type Fashionably...
[2026-02-20 18:14:48] [INFO]   OK: 17952 chars -> 2026-02-25-how-to-dress-an-athletic-body-type-fashionably
[2026-02-20 18:14:48] [INFO]   Progress: 55/70
[2026-02-20 18:14:50] [INFO] [56/70] Generating: Maternity Style Guide: Chic Outfits for Every Trim...
[2026-02-20 18:15:18] [INFO]   OK: 18707 chars -> 2026-02-25-maternity-style-guide-chic-outfits-for-every-trimester
[2026-02-20 18:15:18] [INFO] [57/70] Generating: Confidence Boosters: Fashion Tips for All Body Sha...
[2026-02-20 18:15:47] [INFO]   OK: 16970 chars -> 2026-02-25-confidence-boosters-fashion-tips-for-all-body-shapes
[2026-02-20 18:15:47] [INFO] [58/70] Generating: Best Jeans for Curvy Thighs: Finding Your Perfect ...
[2026-02-20 18:16:33] [INFO]   OK: 36919 chars -> 2026-02-25-best-jeans-for-curvy-thighs-finding-your-perfect-pair
[2026-02-20 18:16:33] [INFO] [59/70] Generating: Petite Professional Attire: Looking Sharp at Any H...
[2026-02-20 18:17:01] [INFO]   OK: 20916 chars -> 2026-02-25-petite-professional-attire-looking-sharp-at-any-height
[2026-02-20 18:17:01] [INFO] [60/70] Generating: Stylish Plus Size Date Night Outfits That Wow...
[2026-02-20 18:17:28] [INFO]   OK: 20376 chars -> 2026-02-25-stylish-plus-size-date-night-outfits-that-wow
[2026-02-20 18:17:28] [INFO]   Progress: 60/70
[2026-02-20 18:17:30] [INFO] [61/70] Generating: What to Wear to a Summer Wedding Guest Guide...
[2026-02-20 18:18:09] [INFO]   OK: 19695 chars -> 2026-02-26-what-to-wear-to-a-summer-wedding-guest-guide
[2026-02-20 18:18:09] [INFO] [62/70] Generating: Your Guide to Perfect Office Party Attire This Sea...
[2026-02-20 18:18:33] [INFO]   OK: 18216 chars -> 2026-02-26-your-guide-to-perfect-office-party-attire-this-season
[2026-02-20 18:18:33] [INFO] [63/70] Generating: Dressing for Success: Interview Outfits That Impre...
[2026-02-20 18:19:02] [INFO]   OK: 21528 chars -> 2026-02-26-dressing-for-success-interview-outfits-that-impress
[2026-02-20 18:19:02] [INFO] [64/70] Generating: Vacation Style: Chic & Practical Outfits for Your ...
[2026-02-20 18:19:20] [INFO]   OK: 17708 chars -> 2026-02-26-vacation-style-chic-practical-outfits-for-your-getaway
[2026-02-20 18:19:20] [INFO] [65/70] Generating: Ultimate Date Night Outfit Ideas for Every Vibe...
[2026-02-20 18:19:46] [INFO]   OK: 19143 chars -> 2026-02-26-ultimate-date-night-outfit-ideas-for-every-vibe
[2026-02-20 18:19:46] [INFO]   Progress: 65/70
[2026-02-20 18:19:48] [INFO] [66/70] Generating: What to Pack for a Weekend City Break Trip...
[2026-02-20 18:20:12] [INFO]   OK: 17379 chars -> 2026-02-26-what-to-pack-for-a-weekend-city-break-trip
[2026-02-20 18:20:12] [INFO] [67/70] Generating: Festive Fashion: What to Wear to a Holiday Gala...
[2026-02-20 18:20:39] [INFO]   OK: 18133 chars -> 2026-02-26-festive-fashion-what-to-wear-to-a-holiday-gala
[2026-02-20 18:20:39] [INFO] [68/70] Generating: Beyond the Desk: Stylish Work to Happy Hour Looks...
[2026-02-20 18:21:09] [INFO]   OK: 21265 chars -> 2026-02-26-beyond-the-desk-stylish-work-to-happy-hour-looks
[2026-02-20 18:21:09] [INFO] [69/70] Generating: Beach Party Ready: Your Guide to Chic Coastal Styl...
[2026-02-20 18:21:49] [INFO]   OK: 37206 chars -> 2026-02-26-beach-party-ready-your-guide-to-chic-coastal-style
[2026-02-20 18:21:49] [INFO] [70/70] Generating: Festival Fashion Guide: Express Yourself with Styl...
[2026-02-20 18:22:16] [INFO]   OK: 21128 chars -> 2026-02-26-festival-fashion-guide-express-yourself-with-style
[2026-02-20 18:22:16] [INFO]   Progress: 70/70
[2026-02-20 18:22:18] [INFO] 
Batch generation complete: 70/70 posts
[2026-02-20 18:22:18] [INFO] Queue saved: /home/ubuntu/TrendLoop-USA/data/queue_index.json
[2026-02-20 18:22:18] [INFO]   2026-02-20: 10 posts
[2026-02-20 18:22:18] [INFO]   2026-02-21: 10 posts
[2026-02-20 18:22:18] [INFO]   2026-02-22: 10 posts
[2026-02-20 18:22:18] [INFO]   2026-02-23: 10 posts
[2026-02-20 18:22:18] [INFO]   2026-02-24: 10 posts
[2026-02-20 18:22:18] [INFO]   2026-02-25: 10 posts
[2026-02-20 18:22:18] [INFO]   2026-02-26: 10 posts
