[main 3b12945] Auto-sync: Daily backup 2026-02-20
 86 files changed, 15516 insertions(+), 73 deletions(-)
 create mode 100755 batch_publisher.py
 create mode 100644 data/fashion_training.jsonl
 create mode 100644 data/post_queue/2026-02-20-decoding-dress-codes-what-to-wear-where-guide.html
 create mode 100644 data/post_queue/2026-02-20-how-to-choose-the-perfect-jeans-for-your-body-type.html
 create mode 100644 data/post_queue/2026-02-20-how-to-effortlessly-style-overalls-for-every-season.html
 create mode 100644 data/post_queue/2026-02-20-how-to-mix-and-match-prints-without-looking-crazy.html
 create mode 100644 data/post_queue/2026-02-20-mastering-the-art-of-accessorizing-for-any-outfit.html
 create mode 100644 data/post_queue/2026-02-20-sustainable-fashion-101-building-an-eco-conscious-wardrobe.html
 create mode 100644 data/post_queue/2026-02-20-the-complete-guide-to-building-a-minimalist-capsule-wardrobe.html
 create mode 100644 data/post_queue/2026-02-20-the-ultimate-guide-to-athleisure-wear-beyond-the-gym.html
 create mode 100644 data/post_queue/2026-02-20-what-to-wear-ultimate-guide-to-smart-casual-outfits.html
 create mode 100644 data/post_queue/2026-02-20-your-essential-guide-to-layering-clothes-like-a-pro.html
 create mode 100644 data/post_queue/2026-02-21-building-a-professional-wardrobe-from-scratch-guide.html
 create mode 100644 data/post_queue/2026-02-21-elevating-your-basic-t-shirt-style-tips-tricks.html
 create mode 100644 data/post_queue/2026-02-21-finding-your-signature-style-a-step-by-step-guide.html
 create mode 100644 data/post_queue/2026-02-21-how-to-care-for-your-denim-to-make-it-last-longer.html
 create mode 100644 data/post_queue/2026-02-21-how-to-incorporate-vintage-pieces-into-modern-outfits.html
 create mode 100644 data/post_queue/2026-02-21-the-do-s-and-don-ts-of-wearing-white-after-labor-day.html
 create mode 100644 data/post_queue/2026-02-21-the-essential-handbag-styles-every-woman-needs.html
 create mode 100644 data/post_queue/2026-02-21-the-power-of-scarves-styling-ideas-for-every-look.html
 create mode 100644 data/post_queue/2026-02-21-the-ultimate-guide-to-accessorizing-a-little-black-dress.html
 create mode 100644 data/post_queue/2026-02-21-what-are-fashion-staples-and-why-you-need-them.html
 create mode 100644 data/post_queue/2026-02-22-athleisure-s-evolution-from-gym-to-street-style-2026.html
 create mode 100644 data/post_queue/2026-02-22-denim-innovations-new-washes-and-silhouettes-to-try.html
 create mode 100644 data/post_queue/2026-02-22-embracing-bold-colors-latest-trends-for-summer-2026.html
 create mode 100644 data/post_queue/2026-02-22-gen-z-s-favorite-aesthetics-what-s-trending-now.html
 create mode 100644 data/post_queue/2026-02-22-micro-skirts-and-maxi-dresses-upcoming-hemline-trends.html
 create mode 100644 data/post_queue/2026-02-22-spring-2026-fashion-trends-straight-from-the-runway.html
 create mode 100644 data/post_queue/2026-02-22-the-quiet-luxury-aesthetic-how-to-dress-the-part.html
 create mode 100644 data/post_queue/2026-02-22-the-return-of-y2k-fashion-styling-modern-takes.html
 create mode 100644 data/post_queue/2026-02-22-top-5-sustainable-fabric-trends-for-the-eco-conscious.html
 create mode 100644 data/post_queue/2026-02-22-workwear-reimagined-professional-trends-for-the-modern-offic.html
 create mode 100644 data/post_queue/2026-02-23-10-best-affordable-work-dresses-under-50.html
 create mode 100644 data/post_queue/2026-02-23-amazon-fashion-finds-chic-trendy-pieces-you-need.html
 create mode 100644 data/post_queue/2026-02-23-metallic-mania-styling-the-shiniest-trend-of-2026.html
 create mode 100644 data/post_queue/2026-02-23-must-have-designer-dupes-that-look-like-the-real-thing.html
 create mode 100644 data/post_queue/2026-02-23-oversized-blazers-the-ultimate-power-dressing-trend.html
 create mode 100644 data/post_queue/2026-02-23-patchwork-fashion-trend-how-to-incorporate-it.html
 create mode 100644 data/post_queue/2026-02-23-the-best-white-t-shirts-for-every-budget-and-style.html
 create mode 100644 data/post_queue/2026-02-23-the-rise-of-statement-jewelry-must-have-pieces-2026.html
 create mode 100644 data/post_queue/2026-02-23-what-are-the-hottest-shoe-trends-for-fall-2026.html
 create mode 100644 data/post_queue/2026-02-23-where-to-buy-stylish-loungewear-for-work-from-home.html
 create mode 100644 data/post_queue/2026-02-24-5-luxury-handbags-worth-the-investment-in-2026.html
 create mode 100644 data/post_queue/2026-02-24-affordable-date-night-outfits-under-100.html
 create mode 100644 data/post_queue/2026-02-24-best-petite-clothing-brands-for-women-under-5-4.html
 create mode 100644 data/post_queue/2026-02-24-best-plus-size-swimsuits-that-are-actually-flattering.html
 create mode 100644 data/post_queue/2026-02-24-best-sustainable-denim-brands-for-your-eco-friendly-wardrobe.html
 create mode 100644 data/post_queue/2026-02-24-budget-friendly-accessories-to-instantly-elevate-your-look.html
 create mode 100644 data/post_queue/2026-02-24-summer-sale-shopping-guide-what-to-buy-now.html
 create mode 100644 data/post_queue/2026-02-24-top-7-comfortable-heels-for-all-day-wear.html
 create mode 100644 data/post_queue/2026-02-24-top-activewear-sets-for-your-next-workout-beyond.html
 create mode 100644 data/post_queue/2026-02-24-where-to-find-the-perfect-leather-jacket-under-200.html
 create mode 100644 data/post_queue/2026-02-25-best-jeans-for-curvy-thighs-finding-your-perfect-pair.html
 create mode 100644 data/post_queue/2026-02-25-confidence-boosters-fashion-tips-for-all-body-shapes.html
 create mode 100644 data/post_queue/2026-02-25-flattering-fashion-for-tall-women-staples-you-need.html
 create mode 100644 data/post_queue/2026-02-25-how-to-dress-an-athletic-body-type-fashionably.html
 create mode 100644 data/post_queue/2026-02-25-maternity-style-guide-chic-outfits-for-every-trimester.html
 create mode 100644 data/post_queue/2026-02-25-petite-professional-attire-looking-sharp-at-any-height.html
 create mode 100644 data/post_queue/2026-02-25-plus-size-workwear-that-s-stylish-and-professional.html
 create mode 100644 data/post_queue/2026-02-25-styling-tips-for-curvy-figures-embrace-your-shape.html
 create mode 100644 data/post_queue/2026-02-25-stylish-plus-size-date-night-outfits-that-wow.html
 create mode 100644 data/post_queue/2026-02-25-the-ultimate-guide-to-petite-dressing-for-short-women.html
 create mode 100644 data/post_queue/2026-02-26-beach-party-ready-your-guide-to-chic-coastal-style.html
 create mode 100644 data/post_queue/2026-02-26-beyond-the-desk-stylish-work-to-happy-hour-looks.html
 create mode 100644 data/post_queue/2026-02-26-dressing-for-success-interview-outfits-that-impress.html
 create mode 100644 data/post_queue/2026-02-26-festival-fashion-guide-express-yourself-with-style.html
 create mode 100644 data/post_queue/2026-02-26-festive-fashion-what-to-wear-to-a-holiday-gala.html
 create mode 100644 data/post_queue/2026-02-26-ultimate-date-night-outfit-ideas-for-every-vibe.html
 create mode 100644 data/post_queue/2026-02-26-vacation-style-chic-practical-outfits-for-your-getaway.html
 create mode 100644 data/post_queue/2026-02-26-what-to-pack-for-a-weekend-city-break-trip.html
 create mode 100644 data/post_queue/2026-02-26-what-to-wear-to-a-summer-wedding-guest-guide.html
 create mode 100644 data/post_queue/2026-02-26-your-guide-to-perfect-office-party-attire-this-season.html
 create mode 100644 data/queue_index.json
 create mode 100644 data/tuning_job.json
 create mode 100644 docs/2026-02-20-best-affordable-denim-jeans-under-50-for-women-s-everyday-we.html
 create mode 100644 docs/2026-02-20-flattering-plus-size-outfit-ideas-for-summer-vacations-2026.html
 create mode 100644 docs/2026-02-20-how-to-style-a-blazer-with-jeans-for-smart-casual-look.html
 create mode 100644 docs/2026-02-20-investing-in-a-classic-designer-handbag-what-to-consider-now.html
 create mode 100644 docs/2026-02-20-top-sustainable-fashion-trends-shaping-2026-style-choices.html
 create mode 100755 fashion_tuner.py
 create mode 100755 master_agent.py
To https://github.com/yss007895-code/TrendLoop-USA.git
   b1fa1be..3b12945  main -> main
[Fri Feb 20 23:00:03 UTC 2026] [GitPush] Pushed successfully
